<?xml version="1.0" encoding="UTF-8"?>
<testng-results ignored="0" total="0" passed="0" failed="0" skipped="0">
  <reporter-output>
  </reporter-output>
  <suite started-at="2022-12-16T22:10:44 MSK" name="LocalizationServiceTest" finished-at="2022-12-16T22:10:44 MSK" duration-ms="39">
    <groups>
    </groups>
    <test started-at="2022-12-16T22:10:44 MSK" name="Command line test" finished-at="2022-12-16T22:10:44 MSK" duration-ms="39">
    </test> <!-- Command line test -->
  </suite> <!-- LocalizationServiceTest -->
</testng-results>
